<?xml version="1.0" encoding="UTF-8"?>
<!-- Generated by org.testng.reporters.JUnitReportReporter -->
<testsuite hostname="LAPTOP-CCCVEMLG" failures="0" tests="1" name="Scripts.TestCase3" time="26.553" errors="0" timestamp="2022-09-19T22:40:17 IST" skipped="0">
  <testcase classname="Scripts.TestCase3" name="tc3" time="26.553"/>
  <system-out/>
</testsuite> <!-- Scripts.TestCase3 -->
