<?xml version="1.0" encoding="UTF-8"?>
<!-- Generated by org.testng.reporters.JUnitReportReporter -->
<testsuite hostname="LAPTOP-CCCVEMLG" failures="0" tests="1" name="Scripts.TestCase1" time="10.127" errors="0" timestamp="2022-09-18T22:35:11 IST" skipped="0">
  <testcase classname="Scripts.TestCase1" name="tc1" time="10.127"/>
  <system-out/>
</testsuite> <!-- Scripts.TestCase1 -->
